Pendientes: transcribir=568, resumir=57
--- Ciclo 1 ---
Resumiendo: Strong, Wise, and Grace-Filled Fathers | Alejandro Escobedo (BXKIxOZu6WY)
  OK
Export listo: /Users/lalomtz/Applab/predicas/frontend/public/data
Pendientes: transcribir=568, resumir=56
--- Ciclo 2 ---
Resumiendo: Light Traveler | Iván Hernández (TxpTn9B-KRE)
  OK
Export listo: /Users/lalomtz/Applab/predicas/frontend/public/data
Pendientes: transcribir=568, resumir=55
--- Ciclo 3 ---
Resumiendo: The Desperate Father | David Campbell (4LA8aTtppDk)
  OK
Export listo: /Users/lalomtz/Applab/predicas/frontend/public/data
Pendientes: transcribir=568, resumir=54
--- Ciclo 4 ---
Resumiendo: Do Not Fear | Vincent Fernández (mIeooJrXOQU)
  OK
Export listo: /Users/lalomtz/Applab/predicas/frontend/public/data
Pendientes: transcribir=568, resumir=53
--- Ciclo 5 ---
Resumiendo: But I: When Fear and Betrayal Don't Define Your Life | Misael Barrera (Wu7Oj7DLKQY)
  OK
Export listo: /Users/lalomtz/Applab/predicas/frontend/public/data
Pendientes: transcribir=568, resumir=52
--- Ciclo 6 ---
Resumiendo: Cuando el Dolor Toca la Puerta | Jonathan Rodríguez (aukRNNU4KWE)
  OK
Export listo: /Users/lalomtz/Applab/predicas/frontend/public/data
Pendientes: transcribir=568, resumir=51
--- Ciclo 7 ---
Resumiendo: The Echo of Faith | Alejandro Escobedo (9WbNmjeyT7c)
  OK
Export listo: /Users/lalomtz/Applab/predicas/frontend/public/data
Pendientes: transcribir=568, resumir=50
--- Ciclo 8 ---
Resumiendo: The Silent Ways of God | Alejandro Escobedo (0oCU7o_s1aY)
  OK
Export listo: /Users/lalomtz/Applab/predicas/frontend/public/data
Pendientes: transcribir=568, resumir=49
--- Ciclo 9 ---
Resumiendo: Lest We Forget | Alejandro Escobedo (13mgROKbuGA)
  OK
Export listo: /Users/lalomtz/Applab/predicas/frontend/public/data
Pendientes: transcribir=568, resumir=48
--- Ciclo 10 ---
Resumiendo: The Private Party | Alejandro Escobedo (9UrUVyVjznc)
  OK
Export listo: /Users/lalomtz/Applab/predicas/frontend/public/data
Pendientes: transcribir=568, resumir=47
--- Ciclo 11 ---
Resumiendo: Faithful Obedience + Better Health + Fight For Your Family | Paul Lewis (4NHT4skwNzo)
  OK
Export listo: /Users/lalomtz/Applab/predicas/frontend/public/data
Pendientes: transcribir=568, resumir=46
--- Ciclo 12 ---
Resumiendo: A Woman Is There, She's Still There | Kharis Millán (nvAbBe2wzRo)
  OK
Export listo: /Users/lalomtz/Applab/predicas/frontend/public/data
Pendientes: transcribir=568, resumir=45
--- Ciclo 13 ---
Resumiendo: Spent, Not Wasted | Misael Barrera (HbN8_ctjp0c)
  OK
Export listo: /Users/lalomtz/Applab/predicas/frontend/public/data
Pendientes: transcribir=568, resumir=44
--- Ciclo 14 ---
Resumiendo: The Attentive and the Clueless | Alejandro Escobedo (ClgzToqWsok)
  OK
Export listo: /Users/lalomtz/Applab/predicas/frontend/public/data
Pendientes: transcribir=568, resumir=43
--- Ciclo 15 ---
Resumiendo: Don't Let Your Opportunity Slip Away | Alejandro Escobedo (LbVqT_zbJ04)
  OK
Export listo: /Users/lalomtz/Applab/predicas/frontend/public/data
Pendientes: transcribir=568, resumir=42
--- Ciclo 16 ---
Resumiendo: Faith Died | Andrés Arango (1F0sedF2zzQ)
  OK
Export listo: /Users/lalomtz/Applab/predicas/frontend/public/data
Pendientes: transcribir=568, resumir=41
--- Ciclo 17 ---
